<?xml version="1.0" encoding="UTF-8"?>
<!-- Generated by org.testng.reporters.JUnitReportReporter -->
<testsuite hostname="DESKTOP-CKN1MAC" name="restAutomation.Rest.test.LandLordTest" tests="2" failures="0" timestamp="1 Feb 2017 02:11:14 GMT" time="5.528" errors="0">
  <testcase name="postLanlord01" time="0.493" classname="restAutomation.Rest.test.LandLordTest"/>
  <testcase name="postLanlord01" time="5.035" classname="restAutomation.Rest.test.LandLordTest"/>
</testsuite> <!-- restAutomation.Rest.test.LandLordTest -->
